{"/Users/tiomno/Sites/ssh-server/initializers/helpers.js":{"path":"/Users/tiomno/Sites/ssh-server/initializers/helpers.js","s":{"1":5,"2":5,"3":5,"4":5,"5":5,"6":5,"7":5,"8":5,"9":5,"10":5,"11":2,"12":5,"13":3,"14":3,"15":3,"16":1,"17":2,"18":1,"19":1,"20":1,"21":2,"22":2,"23":1,"24":1,"25":1,"26":3,"27":5,"28":5,"29":5,"30":1,"31":4,"32":4,"33":9,"34":7,"35":4,"36":4,"37":3,"38":3,"39":1,"40":1,"41":2,"42":2,"43":2,"44":0,"45":0,"46":0,"47":2,"48":2,"49":5},"b":{"1":[2,3],"2":[3,2],"3":[1,2],"4":[1,1],"5":[1,1],"6":[1,4],"7":[7,2],"8":[4,3],"9":[7,7],"10":[1,2],"11":[3,2],"12":[0,0]},"f":{"1":9},"fnMap":{"1":{"name":"loop","line":67,"loc":{"start":{"line":67,"column":25},"end":{"line":67,"column":41}}}},"statementMap":{"1":{"start":{"line":3,"column":0},"end":{"line":3,"column":37}},"2":{"start":{"line":4,"column":0},"end":{"line":4,"column":37}},"3":{"start":{"line":5,"column":0},"end":{"line":5,"column":27}},"4":{"start":{"line":6,"column":0},"end":{"line":6,"column":25}},"5":{"start":{"line":8,"column":0},"end":{"line":109,"column":2}},"6":{"start":{"line":12,"column":8},"end":{"line":57,"column":10}},"7":{"start":{"line":14,"column":16},"end":{"line":14,"column":32}},"8":{"start":{"line":16,"column":16},"end":{"line":18,"column":19}},"9":{"start":{"line":20,"column":16},"end":{"line":52,"column":19}},"10":{"start":{"line":21,"column":20},"end":{"line":23,"column":21}},"11":{"start":{"line":22,"column":24},"end":{"line":22,"column":46}},"12":{"start":{"line":25,"column":20},"end":{"line":51,"column":21}},"13":{"start":{"line":26,"column":24},"end":{"line":26,"column":51}},"14":{"start":{"line":28,"column":24},"end":{"line":40,"column":27}},"15":{"start":{"line":29,"column":28},"end":{"line":39,"column":29}},"16":{"start":{"line":30,"column":32},"end":{"line":30,"column":44}},"17":{"start":{"line":32,"column":32},"end":{"line":38,"column":33}},"18":{"start":{"line":33,"column":36},"end":{"line":35,"column":39}},"19":{"start":{"line":34,"column":40},"end":{"line":34,"column":52}},"20":{"start":{"line":37,"column":36},"end":{"line":37,"column":124}},"21":{"start":{"line":42,"column":24},"end":{"line":50,"column":27}},"22":{"start":{"line":43,"column":28},"end":{"line":49,"column":29}},"23":{"start":{"line":44,"column":32},"end":{"line":44,"column":44}},"24":{"start":{"line":46,"column":32},"end":{"line":48,"column":35}},"25":{"start":{"line":47,"column":36},"end":{"line":47,"column":48}},"26":{"start":{"line":55,"column":16},"end":{"line":55,"column":35}},"27":{"start":{"line":59,"column":8},"end":{"line":104,"column":10}},"28":{"start":{"line":61,"column":16},"end":{"line":87,"column":19}},"29":{"start":{"line":62,"column":20},"end":{"line":86,"column":21}},"30":{"start":{"line":63,"column":24},"end":{"line":63,"column":36}},"31":{"start":{"line":65,"column":24},"end":{"line":65,"column":62}},"32":{"start":{"line":67,"column":24},"end":{"line":85,"column":29}},"33":{"start":{"line":68,"column":28},"end":{"line":84,"column":29}},"34":{"start":{"line":69,"column":32},"end":{"line":81,"column":33}},"35":{"start":{"line":70,"column":36},"end":{"line":70,"column":43}},"36":{"start":{"line":71,"column":36},"end":{"line":71,"column":43}},"37":{"start":{"line":73,"column":36},"end":{"line":80,"column":39}},"38":{"start":{"line":74,"column":40},"end":{"line":79,"column":41}},"39":{"start":{"line":75,"column":44},"end":{"line":75,"column":51}},"40":{"start":{"line":76,"column":44},"end":{"line":76,"column":51}},"41":{"start":{"line":78,"column":44},"end":{"line":78,"column":61}},"42":{"start":{"line":83,"column":32},"end":{"line":83,"column":110}},"43":{"start":{"line":90,"column":16},"end":{"line":102,"column":23}},"44":{"start":{"line":92,"column":24},"end":{"line":94,"column":25}},"45":{"start":{"line":93,"column":28},"end":{"line":93,"column":40}},"46":{"start":{"line":96,"column":24},"end":{"line":96,"column":41}},"47":{"start":{"line":99,"column":24},"end":{"line":101,"column":27}},"48":{"start":{"line":100,"column":28},"end":{"line":100,"column":46}},"49":{"start":{"line":106,"column":8},"end":{"line":106,"column":15}}},"branchMap":{"1":{"line":21,"type":"if","locations":[{"start":{"line":21,"column":20},"end":{"line":21,"column":20}},{"start":{"line":21,"column":20},"end":{"line":21,"column":20}}]},"2":{"line":25,"type":"if","locations":[{"start":{"line":25,"column":20},"end":{"line":25,"column":20}},{"start":{"line":25,"column":20},"end":{"line":25,"column":20}}]},"3":{"line":29,"type":"if","locations":[{"start":{"line":29,"column":28},"end":{"line":29,"column":28}},{"start":{"line":29,"column":28},"end":{"line":29,"column":28}}]},"4":{"line":32,"type":"if","locations":[{"start":{"line":32,"column":32},"end":{"line":32,"column":32}},{"start":{"line":32,"column":32},"end":{"line":32,"column":32}}]},"5":{"line":43,"type":"if","locations":[{"start":{"line":43,"column":28},"end":{"line":43,"column":28}},{"start":{"line":43,"column":28},"end":{"line":43,"column":28}}]},"6":{"line":62,"type":"if","locations":[{"start":{"line":62,"column":20},"end":{"line":62,"column":20}},{"start":{"line":62,"column":20},"end":{"line":62,"column":20}}]},"7":{"line":68,"type":"if","locations":[{"start":{"line":68,"column":28},"end":{"line":68,"column":28}},{"start":{"line":68,"column":28},"end":{"line":68,"column":28}}]},"8":{"line":69,"type":"if","locations":[{"start":{"line":69,"column":32},"end":{"line":69,"column":32}},{"start":{"line":69,"column":32},"end":{"line":69,"column":32}}]},"9":{"line":69,"type":"binary-expr","locations":[{"start":{"line":69,"column":35},"end":{"line":69,"column":61}},{"start":{"line":69,"column":65},"end":{"line":69,"column":102}}]},"10":{"line":74,"type":"if","locations":[{"start":{"line":74,"column":40},"end":{"line":74,"column":40}},{"start":{"line":74,"column":40},"end":{"line":74,"column":40}}]},"11":{"line":74,"type":"binary-expr","locations":[{"start":{"line":74,"column":43},"end":{"line":74,"column":52}},{"start":{"line":74,"column":56},"end":{"line":74,"column":61}}]},"12":{"line":92,"type":"if","locations":[{"start":{"line":92,"column":24},"end":{"line":92,"column":24}},{"start":{"line":92,"column":24},"end":{"line":92,"column":24}}]}}},"/Users/tiomno/Sites/ssh-server/actions/sshKeyGen.js":{"path":"/Users/tiomno/Sites/ssh-server/actions/sshKeyGen.js","s":{"1":1,"2":6,"3":6,"4":5,"5":1,"6":6,"7":4,"8":4,"9":1,"10":3,"11":3,"12":1,"13":2,"14":2,"15":1,"16":1,"17":1,"18":0,"19":1,"20":1},"b":{"1":[5,1],"2":[1,3],"3":[1,2],"4":[1,1],"5":[0,1]},"f":{},"fnMap":{},"statementMap":{"1":{"start":{"line":3,"column":0},"end":{"line":75,"column":2}},"2":{"start":{"line":13,"column":16},"end":{"line":13,"column":76}},"3":{"start":{"line":19,"column":16},"end":{"line":23,"column":17}},"4":{"start":{"line":20,"column":20},"end":{"line":20,"column":32}},"5":{"start":{"line":22,"column":20},"end":{"line":22,"column":101}},"6":{"start":{"line":26,"column":16},"end":{"line":26,"column":39}},"7":{"start":{"line":32,"column":8},"end":{"line":72,"column":11}},"8":{"start":{"line":36,"column":12},"end":{"line":71,"column":13}},"9":{"start":{"line":37,"column":16},"end":{"line":37,"column":28}},"10":{"start":{"line":39,"column":16},"end":{"line":70,"column":19}},"11":{"start":{"line":40,"column":20},"end":{"line":69,"column":21}},"12":{"start":{"line":41,"column":24},"end":{"line":41,"column":36}},"13":{"start":{"line":43,"column":24},"end":{"line":68,"column":27}},"14":{"start":{"line":48,"column":28},"end":{"line":67,"column":29}},"15":{"start":{"line":49,"column":32},"end":{"line":49,"column":44}},"16":{"start":{"line":51,"column":32},"end":{"line":66,"column":35}},"17":{"start":{"line":56,"column":36},"end":{"line":65,"column":37}},"18":{"start":{"line":57,"column":40},"end":{"line":57,"column":52}},"19":{"start":{"line":59,"column":40},"end":{"line":62,"column":42}},"20":{"start":{"line":64,"column":40},"end":{"line":64,"column":47}}},"branchMap":{"1":{"line":19,"type":"if","locations":[{"start":{"line":19,"column":16},"end":{"line":19,"column":16}},{"start":{"line":19,"column":16},"end":{"line":19,"column":16}}]},"2":{"line":36,"type":"if","locations":[{"start":{"line":36,"column":12},"end":{"line":36,"column":12}},{"start":{"line":36,"column":12},"end":{"line":36,"column":12}}]},"3":{"line":40,"type":"if","locations":[{"start":{"line":40,"column":20},"end":{"line":40,"column":20}},{"start":{"line":40,"column":20},"end":{"line":40,"column":20}}]},"4":{"line":48,"type":"if","locations":[{"start":{"line":48,"column":28},"end":{"line":48,"column":28}},{"start":{"line":48,"column":28},"end":{"line":48,"column":28}}]},"5":{"line":56,"type":"if","locations":[{"start":{"line":56,"column":36},"end":{"line":56,"column":36}},{"start":{"line":56,"column":36},"end":{"line":56,"column":36}}]}}},"/Users/tiomno/Sites/ssh-server/actions/status.js":{"path":"/Users/tiomno/Sites/ssh-server/actions/status.js","s":{"1":1,"2":1,"3":1,"4":5,"5":5,"6":5,"7":5,"8":5,"9":1,"10":1,"11":5,"12":5,"13":5,"14":5,"15":5,"16":0,"17":5,"18":5,"19":1,"20":1,"21":5,"22":5,"23":5,"24":5,"25":5,"26":0,"27":5,"28":5,"29":5,"30":5,"31":5,"32":2,"33":2,"34":5,"35":5,"36":5,"37":5,"38":5,"39":5,"40":5,"41":5,"42":5,"43":5,"44":5,"45":0,"46":5,"47":5,"48":0,"49":5,"50":5},"b":{"1":[5,0],"2":[1,4],"3":[5,0],"4":[0,5],"5":[1,4],"6":[5,0],"7":[0,5],"8":[2,3],"9":[0,5],"10":[0,5]},"f":{"1":5,"2":5,"3":5,"4":5,"5":5,"6":5,"7":5,"8":5,"9":5,"10":5},"fnMap":{"1":{"name":"(anonymous_1)","line":16,"loc":{"start":{"line":16,"column":9},"end":{"line":16,"column":35}}},"2":{"name":"(anonymous_2)","line":19,"loc":{"start":{"line":19,"column":25},"end":{"line":19,"column":44}}},"3":{"name":"(anonymous_3)","line":34,"loc":{"start":{"line":34,"column":31},"end":{"line":34,"column":50}}},"4":{"name":"(anonymous_4)","line":38,"loc":{"start":{"line":38,"column":44},"end":{"line":38,"column":76}}},"5":{"name":"(anonymous_5)","line":53,"loc":{"start":{"line":53,"column":34},"end":{"line":53,"column":53}}},"6":{"name":"(anonymous_6)","line":57,"loc":{"start":{"line":57,"column":30},"end":{"line":57,"column":55}}},"7":{"name":"(anonymous_7)","line":62,"loc":{"start":{"line":62,"column":52},"end":{"line":62,"column":64}}},"8":{"name":"(anonymous_8)","line":89,"loc":{"start":{"line":89,"column":17},"end":{"line":89,"column":33}}},"9":{"name":"(anonymous_9)","line":93,"loc":{"start":{"line":93,"column":27},"end":{"line":93,"column":43}}},"10":{"name":"(anonymous_10)","line":97,"loc":{"start":{"line":97,"column":34},"end":{"line":97,"column":50}}}},"statementMap":{"1":{"start":{"line":3,"column":0},"end":{"line":3,"column":29}},"2":{"start":{"line":4,"column":0},"end":{"line":4,"column":88}},"3":{"start":{"line":6,"column":0},"end":{"line":103,"column":2}},"4":{"start":{"line":19,"column":8},"end":{"line":32,"column":10}},"5":{"start":{"line":21,"column":12},"end":{"line":21,"column":73}},"6":{"start":{"line":22,"column":12},"end":{"line":22,"column":106}},"7":{"start":{"line":24,"column":12},"end":{"line":24,"column":62}},"8":{"start":{"line":26,"column":12},"end":{"line":29,"column":13}},"9":{"start":{"line":27,"column":16},"end":{"line":27,"column":81}},"10":{"start":{"line":28,"column":16},"end":{"line":28,"column":128}},"11":{"start":{"line":31,"column":12},"end":{"line":31,"column":23}},"12":{"start":{"line":34,"column":8},"end":{"line":51,"column":10}},"13":{"start":{"line":36,"column":12},"end":{"line":36,"column":71}},"14":{"start":{"line":38,"column":12},"end":{"line":50,"column":14}},"15":{"start":{"line":39,"column":16},"end":{"line":41,"column":17}},"16":{"start":{"line":40,"column":20},"end":{"line":40,"column":42}},"17":{"start":{"line":42,"column":16},"end":{"line":42,"column":62}},"18":{"start":{"line":44,"column":16},"end":{"line":47,"column":17}},"19":{"start":{"line":45,"column":20},"end":{"line":45,"column":85}},"20":{"start":{"line":46,"column":20},"end":{"line":46,"column":137}},"21":{"start":{"line":49,"column":16},"end":{"line":49,"column":27}},"22":{"start":{"line":53,"column":8},"end":{"line":75,"column":10}},"23":{"start":{"line":55,"column":12},"end":{"line":55,"column":82}},"24":{"start":{"line":57,"column":12},"end":{"line":74,"column":14}},"25":{"start":{"line":58,"column":16},"end":{"line":60,"column":17}},"26":{"start":{"line":59,"column":20},"end":{"line":59,"column":42}},"27":{"start":{"line":61,"column":16},"end":{"line":61,"column":31}},"28":{"start":{"line":62,"column":16},"end":{"line":64,"column":19}},"29":{"start":{"line":63,"column":20},"end":{"line":63,"column":54}},"30":{"start":{"line":66,"column":16},"end":{"line":66,"column":62}},"31":{"start":{"line":68,"column":16},"end":{"line":71,"column":17}},"32":{"start":{"line":69,"column":20},"end":{"line":69,"column":85}},"33":{"start":{"line":70,"column":20},"end":{"line":70,"column":130}},"34":{"start":{"line":73,"column":16},"end":{"line":73,"column":27}},"35":{"start":{"line":79,"column":8},"end":{"line":79,"column":71}},"36":{"start":{"line":80,"column":8},"end":{"line":80,"column":36}},"37":{"start":{"line":82,"column":8},"end":{"line":82,"column":34}},"38":{"start":{"line":83,"column":8},"end":{"line":83,"column":64}},"39":{"start":{"line":84,"column":8},"end":{"line":84,"column":67}},"40":{"start":{"line":85,"column":8},"end":{"line":85,"column":46}},"41":{"start":{"line":86,"column":8},"end":{"line":86,"column":60}},"42":{"start":{"line":87,"column":8},"end":{"line":87,"column":52}},"43":{"start":{"line":89,"column":8},"end":{"line":101,"column":11}},"44":{"start":{"line":90,"column":12},"end":{"line":92,"column":13}},"45":{"start":{"line":91,"column":16},"end":{"line":91,"column":35}},"46":{"start":{"line":93,"column":12},"end":{"line":100,"column":14}},"47":{"start":{"line":94,"column":16},"end":{"line":96,"column":17}},"48":{"start":{"line":95,"column":20},"end":{"line":95,"column":39}},"49":{"start":{"line":97,"column":16},"end":{"line":99,"column":19}},"50":{"start":{"line":98,"column":20},"end":{"line":98,"column":32}}},"branchMap":{"1":{"line":21,"type":"binary-expr","locations":[{"start":{"line":21,"column":37},"end":{"line":21,"column":65}},{"start":{"line":21,"column":69},"end":{"line":21,"column":72}}]},"2":{"line":26,"type":"if","locations":[{"start":{"line":26,"column":12},"end":{"line":26,"column":12}},{"start":{"line":26,"column":12},"end":{"line":26,"column":12}}]},"3":{"line":36,"type":"binary-expr","locations":[{"start":{"line":36,"column":38},"end":{"line":36,"column":64}},{"start":{"line":36,"column":68},"end":{"line":36,"column":70}}]},"4":{"line":39,"type":"if","locations":[{"start":{"line":39,"column":16},"end":{"line":39,"column":16}},{"start":{"line":39,"column":16},"end":{"line":39,"column":16}}]},"5":{"line":44,"type":"if","locations":[{"start":{"line":44,"column":16},"end":{"line":44,"column":16}},{"start":{"line":44,"column":16},"end":{"line":44,"column":16}}]},"6":{"line":55,"type":"binary-expr","locations":[{"start":{"line":55,"column":41},"end":{"line":55,"column":73}},{"start":{"line":55,"column":77},"end":{"line":55,"column":81}}]},"7":{"line":58,"type":"if","locations":[{"start":{"line":58,"column":16},"end":{"line":58,"column":16}},{"start":{"line":58,"column":16},"end":{"line":58,"column":16}}]},"8":{"line":68,"type":"if","locations":[{"start":{"line":68,"column":16},"end":{"line":68,"column":16}},{"start":{"line":68,"column":16},"end":{"line":68,"column":16}}]},"9":{"line":90,"type":"if","locations":[{"start":{"line":90,"column":12},"end":{"line":90,"column":12}},{"start":{"line":90,"column":12},"end":{"line":90,"column":12}}]},"10":{"line":94,"type":"if","locations":[{"start":{"line":94,"column":16},"end":{"line":94,"column":16}},{"start":{"line":94,"column":16},"end":{"line":94,"column":16}}]}}},"/Users/tiomno/Sites/ssh-server/tasks/removePublicKey.js":{"path":"/Users/tiomno/Sites/ssh-server/tasks/removePublicKey.js","s":{"1":1,"2":2,"3":2},"b":{},"f":{"1":2,"2":2},"fnMap":{"1":{"name":"(anonymous_1)","line":10,"loc":{"start":{"line":10,"column":9},"end":{"line":10,"column":37}}},"2":{"name":"(anonymous_2)","line":11,"loc":{"start":{"line":11,"column":44},"end":{"line":11,"column":60}}}},"statementMap":{"1":{"start":{"line":3,"column":0},"end":{"line":15,"column":2}},"2":{"start":{"line":11,"column":8},"end":{"line":13,"column":11}},"3":{"start":{"line":12,"column":12},"end":{"line":12,"column":24}}},"branchMap":{}}}