TN:
SF:/Users/tiomno/Sites/ssh-server/initializers/helpers.js
FN:67,loop
FNF:1
FNH:1
FNDA:9,loop
DA:3,5
DA:4,5
DA:5,5
DA:6,5
DA:8,5
DA:12,5
DA:14,5
DA:16,5
DA:20,5
DA:21,5
DA:22,2
DA:25,5
DA:26,3
DA:28,3
DA:29,3
DA:30,1
DA:32,2
DA:33,1
DA:34,1
DA:37,1
DA:42,2
DA:43,2
DA:44,1
DA:46,1
DA:47,1
DA:55,3
DA:59,5
DA:61,5
DA:62,5
DA:63,1
DA:65,4
DA:67,4
DA:68,9
DA:69,7
DA:70,4
DA:71,4
DA:73,3
DA:74,3
DA:75,1
DA:76,1
DA:78,2
DA:83,2
DA:90,2
DA:92,0
DA:93,0
DA:96,0
DA:99,2
DA:100,2
DA:106,5
LF:49
LH:46
BRDA:21,1,0,2
BRDA:21,1,1,3
BRDA:25,2,0,3
BRDA:25,2,1,2
BRDA:29,3,0,1
BRDA:29,3,1,2
BRDA:32,4,0,1
BRDA:32,4,1,1
BRDA:43,5,0,1
BRDA:43,5,1,1
BRDA:62,6,0,1
BRDA:62,6,1,4
BRDA:68,7,0,7
BRDA:68,7,1,2
BRDA:69,8,0,4
BRDA:69,8,1,3
BRDA:69,9,0,7
BRDA:69,9,1,7
BRDA:74,10,0,1
BRDA:74,10,1,2
BRDA:74,11,0,3
BRDA:74,11,1,2
BRDA:92,12,0,0
BRDA:92,12,1,0
BRF:24
BRH:22
end_of_record
TN:
SF:/Users/tiomno/Sites/ssh-server/actions/sshKeyGen.js
FNF:0
FNH:0
DA:3,1
DA:13,6
DA:19,6
DA:20,5
DA:22,1
DA:26,6
DA:32,4
DA:36,4
DA:37,1
DA:39,3
DA:40,3
DA:41,1
DA:43,2
DA:48,2
DA:49,1
DA:51,1
DA:56,1
DA:57,0
DA:59,1
DA:64,1
LF:20
LH:19
BRDA:19,1,0,5
BRDA:19,1,1,1
BRDA:36,2,0,1
BRDA:36,2,1,3
BRDA:40,3,0,1
BRDA:40,3,1,2
BRDA:48,4,0,1
BRDA:48,4,1,1
BRDA:56,5,0,0
BRDA:56,5,1,1
BRF:10
BRH:9
end_of_record
TN:
SF:/Users/tiomno/Sites/ssh-server/actions/status.js
FN:16,(anonymous_1)
FN:19,(anonymous_2)
FN:34,(anonymous_3)
FN:38,(anonymous_4)
FN:53,(anonymous_5)
FN:57,(anonymous_6)
FN:62,(anonymous_7)
FN:89,(anonymous_8)
FN:93,(anonymous_9)
FN:97,(anonymous_10)
FNF:10
FNH:10
FNDA:5,(anonymous_1)
FNDA:5,(anonymous_2)
FNDA:5,(anonymous_3)
FNDA:5,(anonymous_4)
FNDA:5,(anonymous_5)
FNDA:5,(anonymous_6)
FNDA:5,(anonymous_7)
FNDA:5,(anonymous_8)
FNDA:5,(anonymous_9)
FNDA:5,(anonymous_10)
DA:3,1
DA:4,1
DA:6,1
DA:19,5
DA:21,5
DA:22,5
DA:24,5
DA:26,5
DA:27,1
DA:28,1
DA:31,5
DA:34,5
DA:36,5
DA:38,5
DA:39,5
DA:40,0
DA:42,5
DA:44,5
DA:45,1
DA:46,1
DA:49,5
DA:53,5
DA:55,5
DA:57,5
DA:58,5
DA:59,0
DA:61,5
DA:62,5
DA:63,5
DA:66,5
DA:68,5
DA:69,2
DA:70,2
DA:73,5
DA:79,5
DA:80,5
DA:82,5
DA:83,5
DA:84,5
DA:85,5
DA:86,5
DA:87,5
DA:89,5
DA:90,5
DA:91,0
DA:93,5
DA:94,5
DA:95,0
DA:97,5
DA:98,5
LF:50
LH:46
BRDA:21,1,0,5
BRDA:21,1,1,0
BRDA:26,2,0,1
BRDA:26,2,1,4
BRDA:36,3,0,5
BRDA:36,3,1,0
BRDA:39,4,0,0
BRDA:39,4,1,5
BRDA:44,5,0,1
BRDA:44,5,1,4
BRDA:55,6,0,5
BRDA:55,6,1,0
BRDA:58,7,0,0
BRDA:58,7,1,5
BRDA:68,8,0,2
BRDA:68,8,1,3
BRDA:90,9,0,0
BRDA:90,9,1,5
BRDA:94,10,0,0
BRDA:94,10,1,5
BRF:20
BRH:13
end_of_record
TN:
SF:/Users/tiomno/Sites/ssh-server/tasks/removePublicKey.js
FN:10,(anonymous_1)
FN:11,(anonymous_2)
FNF:2
FNH:2
FNDA:2,(anonymous_1)
FNDA:2,(anonymous_2)
DA:3,1
DA:11,2
DA:12,2
LF:3
LH:3
BRF:0
BRH:0
end_of_record
